<?xml version="1.0" encoding="UTF-8"?>
<!-- Generated by org.testng.reporters.JUnitReportReporter -->
<testsuite hostname="MAC" failures="0" tests="5" name="com.koinpro.testCases.kycUpdate" time="85.591" errors="0" timestamp="2023-03-23T13:23:00 IST" skipped="4">
  <testcase classname="com.koinpro.testCases.kycUpdate" name="kycVerification001" time="85.591"/>
  <system-out/>
  <testcase classname="com.koinpro.testCases.kycUpdate" name="kycVerification002_rejectionInAdmin">
    <skipped/>
  </testcase> <!-- kycVerification002_rejectionInAdmin -->
  <system-out/>
  <testcase classname="com.koinpro.testCases.kycUpdate" name="kycVerification005_UploadWrongImage">
    <skipped/>
  </testcase> <!-- kycVerification005_UploadWrongImage -->
  <system-out/>
  <testcase classname="com.koinpro.testCases.kycUpdate" name="kycVerification003_Re_UploadPan">
    <skipped/>
  </testcase> <!-- kycVerification003_Re_UploadPan -->
  <system-out/>
  <testcase classname="com.koinpro.testCases.kycUpdate" name="kycVerification004_rejectionInAdmin">
    <skipped/>
  </testcase> <!-- kycVerification004_rejectionInAdmin -->
  <system-out/>
</testsuite> <!-- com.koinpro.testCases.kycUpdate -->
