<?xml version="1.0" encoding="UTF-8"?>
<!-- Generated by org.testng.reporters.JUnitReportReporter -->
<testsuite hostname="MAC" failures="0" tests="7" name="com.koinpro.testCases.LoginTest" time="56.382" errors="0" timestamp="2023-03-30T12:31:03 IST" skipped="0">
  <testcase classname="com.koinpro.testCases.LoginTest" name="TC_LoginTest_007" time="8.015"/>
  <system-out/>
  <testcase classname="com.koinpro.testCases.LoginTest" name="TC_LoginTest_005" time="8.877"/>
  <system-out/>
  <testcase classname="com.koinpro.testCases.LoginTest" name="TC_LoginTest_004" time="5.918"/>
  <system-out/>
  <testcase classname="com.koinpro.testCases.LoginTest" name="TC_LoginTest_001" time="7.648"/>
  <system-out/>
  <testcase classname="com.koinpro.testCases.LoginTest" name="TC_LoginTest_006" time="9.122"/>
  <system-out/>
  <testcase classname="com.koinpro.testCases.LoginTest" name="TC_LoginTest_003" time="10.915"/>
  <system-out/>
  <testcase classname="com.koinpro.testCases.LoginTest" name="TC_LoginTest_002" time="5.887"/>
  <system-out/>
</testsuite> <!-- com.koinpro.testCases.LoginTest -->
