<?xml version="1.0" encoding="UTF-8"?>
<!-- Generated by org.testng.reporters.JUnitReportReporter -->
<testsuite hostname="MAC" failures="0" tests="5" name="com.koinpro.testCases.ForgetPasswordTest" time="151.842" errors="0" timestamp="2023-03-30T12:31:03 IST" skipped="0">
  <testcase classname="com.koinpro.testCases.ForgetPasswordTest" name="ForgetPassword_Test003_NoUser" time="14.736"/>
  <system-out/>
  <testcase classname="com.koinpro.testCases.ForgetPasswordTest" name="checkLogin_With_previousPassword" time="8.739"/>
  <system-out/>
  <testcase classname="com.koinpro.testCases.ForgetPasswordTest" name="ForgetPassword_Test001" time="99.512"/>
  <system-out/>
  <testcase classname="com.koinpro.testCases.ForgetPasswordTest" name="ForgetPassword_Test002_Timecheck" time="21.588"/>
  <system-out/>
  <testcase classname="com.koinpro.testCases.ForgetPasswordTest" name="ForgetPassword_Test004_invalid_Email_Format" time="7.267"/>
  <system-out/>
</testsuite> <!-- com.koinpro.testCases.ForgetPasswordTest -->
