<?xml version="1.0" encoding="UTF-8"?>
<!-- Generated by org.testng.reporters.JUnitReportReporter -->
<testsuite hostname="MAC" failures="0" tests="6" name="com.koinpro.testCases.ForgetPasswordTest" time="41.774" errors="0" timestamp="2023-03-23T10:58:47 IST" skipped="5">
  <testcase classname="com.koinpro.testCases.ForgetPasswordTest" name="ForgetPassword_Test001" time="41.774"/>
  <system-out/>
  <testcase classname="com.koinpro.testCases.ForgetPasswordTest" name="ForgetPassword_Test003_NoUser">
    <skipped/>
  </testcase> <!-- ForgetPassword_Test003_NoUser -->
  <system-out/>
  <testcase classname="com.koinpro.testCases.ForgetPasswordTest" name="ForgetPassword_Test002_Timecheck">
    <skipped/>
  </testcase> <!-- ForgetPassword_Test002_Timecheck -->
  <system-out/>
  <testcase classname="com.koinpro.testCases.ForgetPasswordTest" name="test">
    <skipped/>
  </testcase> <!-- test -->
  <system-out/>
  <testcase classname="com.koinpro.testCases.ForgetPasswordTest" name="ForgetPassword_Test005_ResendLink">
    <skipped/>
  </testcase> <!-- ForgetPassword_Test005_ResendLink -->
  <system-out/>
  <testcase classname="com.koinpro.testCases.ForgetPasswordTest" name="ForgetPassword_Test004_invalid_Email_Format">
    <skipped/>
  </testcase> <!-- ForgetPassword_Test004_invalid_Email_Format -->
  <system-out/>
</testsuite> <!-- com.koinpro.testCases.ForgetPasswordTest -->
