<?xml version="1.0" encoding="UTF-8"?>
<!-- Generated by org.testng.reporters.JUnitReportReporter -->
<testsuite hostname="MAC" failures="0" tests="1" name="com.koinpro.testCases.check_Company_SupportAnd_SocialmediaLinks" time="93.132" errors="0" timestamp="2023-05-03T12:21:54 IST" skipped="0">
  <testcase classname="com.koinpro.testCases.check_Company_SupportAnd_SocialmediaLinks" name="checkLinks" time="93.132"/>
  <system-out/>
</testsuite> <!-- com.koinpro.testCases.check_Company_SupportAnd_SocialmediaLinks -->
