<?xml version="1.0" encoding="UTF-8"?>
<!-- Generated by org.testng.reporters.JUnitReportReporter -->
<testsuite hostname="MAC" failures="0" tests="1" name="com.koinpro.testCases.demo" time="18.097" errors="0" timestamp="2023-03-23T10:37:17 IST" skipped="0">
  <testcase classname="com.koinpro.testCases.demo" name="test" time="18.097"/>
  <system-out/>
</testsuite> <!-- com.koinpro.testCases.demo -->
