<?xml version="1.0" encoding="UTF-8"?>
<!-- Generated by org.testng.reporters.JUnitReportReporter -->
<testsuite hostname="MAC" failures="0" tests="7" name="com.koinpro.testCases.LoginTest" time="46.594" errors="0" timestamp="2023-03-16T18:39:12 IST" skipped="0">
  <testcase classname="com.koinpro.testCases.LoginTest" name="TC_LoginTest_007" time="5.633"/>
  <system-out/>
  <testcase classname="com.koinpro.testCases.LoginTest" name="TC_LoginTest_005" time="7.870"/>
  <system-out/>
  <testcase classname="com.koinpro.testCases.LoginTest" name="TC_LoginTest_006" time="6.547"/>
  <system-out/>
  <testcase classname="com.koinpro.testCases.LoginTest" name="TC_LoginTest_002" time="7.365"/>
  <system-out/>
  <testcase classname="com.koinpro.testCases.LoginTest" name="TC_LoginTest_001" time="6.200"/>
  <system-out/>
  <testcase classname="com.koinpro.testCases.LoginTest" name="TC_LoginTest_003" time="6.695"/>
  <system-out/>
  <testcase classname="com.koinpro.testCases.LoginTest" name="TC_LoginTest_004" time="6.284"/>
  <system-out/>
</testsuite> <!-- com.koinpro.testCases.LoginTest -->
