<?xml version="1.0" encoding="UTF-8"?>
<!-- Generated by org.testng.reporters.JUnitReportReporter -->
<testsuite hostname="MAC" failures="0" tests="5" name="com.koinpro.testCases.kycUpdate" time="165.965" errors="0" timestamp="2023-03-22T15:47:29 IST" skipped="0">
  <testcase classname="com.koinpro.testCases.kycUpdate" name="kycVerification001" time="83.017"/>
  <system-out/>
  <testcase classname="com.koinpro.testCases.kycUpdate" name="kycVerification003_Re_UploadPan" time="27.860"/>
  <system-out/>
  <testcase classname="com.koinpro.testCases.kycUpdate" name="kycVerification002_rejectionInAdmin" time="13.804"/>
  <system-out/>
  <testcase classname="com.koinpro.testCases.kycUpdate" name="kycVerification004_rejectionInAdmin" time="15.733"/>
  <system-out/>
  <testcase classname="com.koinpro.testCases.kycUpdate" name="kycVerification005_UploadWrongImage" time="25.551"/>
  <system-out/>
</testsuite> <!-- com.koinpro.testCases.kycUpdate -->
