<?xml version="1.0" encoding="UTF-8"?>
<!-- Generated by org.testng.reporters.JUnitReportReporter -->
<testsuite hostname="MAC" failures="0" tests="3" name="com.koinpro.testCases.kycUpdate" time="94.196" errors="0" timestamp="2023-03-22T11:01:17 IST" skipped="0">
  <testcase classname="com.koinpro.testCases.kycUpdate" name="kycVerification002_rejection" time="12.696"/>
  <system-out/>
  <testcase classname="com.koinpro.testCases.kycUpdate" name="kycVerification001" time="59.991"/>
  <system-out/>
  <testcase classname="com.koinpro.testCases.kycUpdate" name="kycVerification003_rejection" time="21.509"/>
  <system-out/>
</testsuite> <!-- com.koinpro.testCases.kycUpdate -->
