<?xml version="1.0" encoding="UTF-8"?>
<!-- Generated by org.testng.reporters.JUnitReportReporter -->
<testsuite hostname="MAC" failures="0" tests="5" name="com.koinpro.testCases.kycUpdate" time="124.144" errors="0" timestamp="2023-03-22T15:06:23 IST" skipped="0">
  <testcase classname="com.koinpro.testCases.kycUpdate" name="kycVerification003_Re_UploadPan" time="22.103"/>
  <system-out/>
  <testcase classname="com.koinpro.testCases.kycUpdate" name="kycVerification001" time="59.186"/>
  <system-out/>
  <testcase classname="com.koinpro.testCases.kycUpdate" name="kycVerification004_rejectionInAdmin" time="13.481"/>
  <system-out/>
  <testcase classname="com.koinpro.testCases.kycUpdate" name="kycVerification005_UploadWrongImage" time="16.616"/>
  <system-out/>
  <testcase classname="com.koinpro.testCases.kycUpdate" name="kycVerification002_rejectionInAdmin" time="12.758"/>
  <system-out/>
</testsuite> <!-- com.koinpro.testCases.kycUpdate -->
